#
# A fatal error has been detected by the Java Runtime Environment:
#
#  EXCEPTION_ACCESS_VIOLATION (0xc0000005) at pc=0x0000000060c34b9b, pid=9212, tid=21536
#
# JRE version: Java(TM) SE Runtime Environment (7.0_80-b15) (build 1.7.0_80-b15)
# Java VM: Java HotSpot(TM) 64-Bit Server VM (24.80-b11 mixed mode windows-amd64 compressed oops)
# Problematic frame:
# V  [jvm.dll+0x144b9b]
#
# Failed to write core dump. Minidumps are not enabled by default on client versions of Windows
#
# If you would like to submit a bug report, please visit:
#   http://bugreport.java.com/bugreport/crash.jsp
#

---------------  T H R E A D  ---------------

Current thread (0x0000000012284800):  JavaThread "JDWP Transport Listener: dt_socket" daemon [_thread_in_vm, id=21536, stack(0x0000000012ba0000,0x0000000012ca0000)]

siginfo: ExceptionCode=0xc0000005, reading address 0x00003b00003b6c70

Registers:
RAX=0x0000000012c9f601, RBX=0x0000000012284800, RCX=0x00003b00003b6c70, RDX=0x0000000000000000
RSP=0x0000000012c9f5e0, RBP=0x00003b00003b6c70, RSI=0x0000000012c9f6f8, RDI=0x00000000030eb6e0
R8 =0x0000000012284800, R9 =0x0000000000008000, R10=0x0000000000000000, R11=0x00000000123def1f
R12=0x0000000000000000, R13=0x0000000002ff72c8, R14=0x0000000000000000, R15=0x0000000000000000
RIP=0x0000000060c34b9b, EFLAGS=0x0000000000010202

Top of Stack: (sp=0x0000000012c9f5e0)
0x0000000012c9f5e0:   0000000012284800 0000000000000008
0x0000000012c9f5f0:   0000000012c9f6a8 0000000060dd77d9
0x0000000012c9f600:   0000000012284800 0000000060df5382
0x0000000012c9f610:   0000000000000000 0000000060a88e8d
0x0000000012c9f620:   00000000123dac18 0000000060a92666
0x0000000012c9f630:   0000000012284800 0000000000000000
0x0000000012c9f640:   0000000000000000 0000000000000000
0x0000000012c9f650:   00003b00003b6c70 0000000060a9175d
0x0000000012c9f660:   0000000012c9f6f8 0000000012c9f6d0
0x0000000012c9f670:   0000000000000001 00000000123dac18
0x0000000012c9f680:   00003b00003b6c70 0000000060a753b3
0x0000000012c9f690:   0000000012c9f7c0 0000000000000001
0x0000000012c9f6a0:   0000000000000001 00000000123dac18
0x0000000012c9f6b0:   000000000000000a 0000000000000000
0x0000000012c9f6c0:   0000000000000000 0000000000000000
0x0000000012c9f6d0:   0000000000000001 0000000060a75571 

Instructions: (pc=0x0000000060c34b9b)
0x0000000060c34b7b:   48 8b 5c 24 30 48 89 47 18 48 83 c4 20 5f c3 cc
0x0000000060c34b8b:   cc cc cc cc cc 40 53 48 83 ec 20 48 85 c9 74 54
0x0000000060c34b9b:   48 8b 19 48 85 db 74 4c 48 b8 fe fe fe fe fe fe
0x0000000060c34bab:   fe fe 48 3b d8 74 3d 80 3d 57 56 61 00 00 74 15 


Register to memory mapping:

RAX=0x0000000012c9f601 is pointing into the stack for thread: 0x0000000012284800
RBX=0x0000000012284800 is a thread
RCX=0x00003b00003b6c70 is an unknown value
RDX=0x0000000000000000 is an unknown value
RSP=0x0000000012c9f5e0 is pointing into the stack for thread: 0x0000000012284800
RBP=0x00003b00003b6c70 is an unknown value
RSI=0x0000000012c9f6f8 is pointing into the stack for thread: 0x0000000012284800
RDI=0x00000000030eb6e0 is an unknown value
R8 =0x0000000012284800 is a thread
R9 =0x0000000000008000 is an unknown value
R10=0x0000000000000000 is an unknown value
R11=0x00000000123def1f is an unknown value
R12=0x0000000000000000 is an unknown value
R13=0x0000000002ff72c8 is an unknown value
R14=0x0000000000000000 is an unknown value
R15=0x0000000000000000 is an unknown value


Stack: [0x0000000012ba0000,0x0000000012ca0000],  sp=0x0000000012c9f5e0,  free space=1021k
Native frames: (J=compiled Java code, j=interpreted, Vv=VM code, C=native code)
V  [jvm.dll+0x144b9b]

[error occurred during error reporting (printing native stack), id 0xc0000005]


---------------  P R O C E S S  ---------------

Java Threads: ( => current thread )
  0x0000000012359800 JavaThread "ReaderThread" [_thread_in_native, id=8048, stack(0x00000000132a0000,0x00000000133a0000)]
  0x00000000122b1000 JavaThread "Service Thread" daemon [_thread_blocked, id=18136, stack(0x00000000130a0000,0x00000000131a0000)]
  0x00000000122ad800 JavaThread "C2 CompilerThread1" daemon [_thread_blocked, id=15116, stack(0x0000000012fa0000,0x00000000130a0000)]
  0x00000000122ac000 JavaThread "C2 CompilerThread0" daemon [_thread_blocked, id=4412, stack(0x0000000012ea0000,0x0000000012fa0000)]
  0x0000000012291800 JavaThread "JDWP Command Reader" daemon [_thread_in_native, id=15384, stack(0x0000000012da0000,0x0000000012ea0000)]
  0x0000000012290800 JavaThread "JDWP Event Helper Thread" daemon [_thread_blocked, id=15928, stack(0x0000000012ca0000,0x0000000012da0000)]
=>0x0000000012284800 JavaThread "JDWP Transport Listener: dt_socket" daemon [_thread_in_vm, id=21536, stack(0x0000000012ba0000,0x0000000012ca0000)]
  0x0000000002ff9000 JavaThread "Attach Listener" daemon [_thread_blocked, id=12676, stack(0x0000000012760000,0x0000000012860000)]
  0x0000000012281800 JavaThread "Signal Dispatcher" daemon [_thread_blocked, id=22248, stack(0x0000000012660000,0x0000000012760000)]
  0x0000000010270800 JavaThread "Finalizer" daemon [_thread_blocked, id=15536, stack(0x0000000012160000,0x0000000012260000)]
  0x0000000010269800 JavaThread "Reference Handler" daemon [_thread_blocked, id=824, stack(0x0000000012060000,0x0000000012160000)]
  0x0000000002f03800 JavaThread "main" [_thread_blocked, id=12868, stack(0x0000000002df0000,0x0000000002ef0000)]

Other Threads:
  0x0000000010266000 VMThread [stack: 0x0000000011f60000,0x0000000012060000] [id=13060]
  0x00000000122c7000 WatcherThread [stack: 0x00000000131a0000,0x00000000132a0000] [id=18364]

VM state:not at safepoint (normal execution)

VM Mutex/Monitor currently owned by a thread: None

Heap
 PSYoungGen      total 76288K, used 11805K [0x00000007ab680000, 0x00000007b0b80000, 0x0000000800000000)
  eden space 65536K, 18% used [0x00000007ab680000,0x00000007ac2074c8,0x00000007af680000)
  from space 10752K, 0% used [0x00000007b0100000,0x00000007b0100000,0x00000007b0b80000)
  to   space 10752K, 0% used [0x00000007af680000,0x00000007af680000,0x00000007b0100000)
 ParOldGen       total 173056K, used 0K [0x0000000702400000, 0x000000070cd00000, 0x00000007ab680000)
  object space 173056K, 0% used [0x0000000702400000,0x0000000702400000,0x000000070cd00000)
 PSPermGen       total 21504K, used 7572K [0x00000006fd200000, 0x00000006fe700000, 0x0000000702400000)
  object space 21504K, 35% used [0x00000006fd200000,0x00000006fd965030,0x00000006fe700000)

Card table byte_map: [0x00000000060f0000,0x0000000006910000] byte_map_base: 0x0000000002907000

Polling page: 0x0000000001010000

Code Cache  [0x00000000030f0000, 0x0000000003360000, 0x00000000060f0000)
 total_blobs=272 nmethods=26 adapters=207 free_code_cache=48685Kb largest_free_block=49835136

Compilation events (10 events):
Event: 0.327 Thread 0x00000000122ad800   22             java.lang.CharacterData::of (120 bytes)
Event: 0.328 Thread 0x00000000122ad800 nmethod 22 0x000000000315fd10 code [0x000000000315fe40, 0x000000000315feb8]
Event: 0.328 Thread 0x00000000122ac000   23             java.lang.CharacterDataLatin1::getProperties (11 bytes)
Event: 0.328 Thread 0x00000000122ac000 nmethod 23 0x000000000315fad0 code [0x000000000315fc00, 0x000000000315fc98]
Event: 0.329 Thread 0x00000000122ad800   24             java.lang.String::equals (81 bytes)
Event: 0.331 Thread 0x00000000122ad800 nmethod 24 0x000000000315f450 code [0x000000000315f5a0, 0x000000000315f8b8]
Event: 0.355 Thread 0x00000000122ac000   25             java.util.Properties$LineReader::readLine (452 bytes)
Event: 0.358 Thread 0x00000000122ac000 nmethod 25 0x0000000003165390 code [0x0000000003165520, 0x0000000003165bd8]
Event: 0.465 Thread 0x00000000122ad800   26             sun.security.provider.SHA::implCompress (491 bytes)
Event: 0.479 Thread 0x00000000122ad800 nmethod 26 0x0000000003168450 code [0x00000000031685c0, 0x0000000003169088]

GC Heap History (0 events):
No events

Deoptimization events (3 events):
Event: 0.186 Thread 0x0000000002f03800 Uncommon trap: reason=unstable_if action=reinterpret pc=0x000000000314f3f8 method=java.lang.String.indexOf([CII[CIII)I @ 3
Event: 0.304 Thread 0x0000000002f03800 Uncommon trap: reason=null_check action=make_not_entrant pc=0x0000000003159a5c method=java.lang.String.equals(Ljava/lang/Object;)Z @ 8
Event: 0.461 Thread 0x0000000002f03800 Uncommon trap: reason=unstable_if action=reinterpret pc=0x0000000003157544 method=java.io.Win32FileSystem.normalize(Ljava/lang/String;)Ljava/lang/String; @ 128

Internal exceptions (10 events):
Event: 0.342 Thread 0x0000000002f03800 Threw 0x00000007ac0de7a0 at C:\re\jdk7u80\2329\hotspot\src\share\vm\prims\jvm.cpp:1319
Event: 0.351 Thread 0x0000000002f03800 Threw 0x00000007ac0e1778 at C:\re\jdk7u80\2329\hotspot\src\share\vm\prims\jvm.cpp:1319
Event: 0.352 Thread 0x0000000002f03800 Threw 0x00000007ac0e5478 at C:\re\jdk7u80\2329\hotspot\src\share\vm\prims\jvm.cpp:1319
Event: 0.352 Thread 0x0000000002f03800 Threw 0x00000007ac0e9830 at C:\re\jdk7u80\2329\hotspot\src\share\vm\prims\jvm.cpp:1319
Event: 14.604 Thread 0x0000000002f03800 Threw 0x00000007ac13d478 at C:\re\jdk7u80\2329\hotspot\src\share\vm\prims\jvm.cpp:1319
Event: 14.607 Thread 0x0000000002f03800 Threw 0x00000007ac147340 at C:\re\jdk7u80\2329\hotspot\src\share\vm\prims\jvm.cpp:1319
Event: 14.609 Thread 0x0000000002f03800 Threw 0x00000007ac14b838 at C:\re\jdk7u80\2329\hotspot\src\share\vm\prims\jvm.cpp:1319
Event: 14.612 Thread 0x0000000002f03800 Threw 0x00000007ac153588 at C:\re\jdk7u80\2329\hotspot\src\share\vm\prims\jvm.cpp:1319
Event: 14.613 Thread 0x0000000002f03800 Threw 0x00000007ac1571a0 at C:\re\jdk7u80\2329\hotspot\src\share\vm\prims\jvm.cpp:1319
Event: 14.616 Thread 0x0000000002f03800 Threw 0x00000007ac15c6d8 at C:\re\jdk7u80\2329\hotspot\src\share\vm\prims\jvm.cpp:1319

Events (10 events):
Event: 1148.739 Executing VM operation: GetCurrentLocation
Event: 1148.739 Executing VM operation: GetCurrentLocation done
Event: 1148.739 Executing VM operation: EnterInterpOnlyMode
Event: 1148.739 Executing VM operation: EnterInterpOnlyMode done
Event: 1148.739 Executing VM operation: ChangeSingleStep
Event: 1148.739 Executing VM operation: ChangeSingleStep done
Event: 1148.739 Executing VM operation: ChangeSingleStep
Event: 1148.739 Executing VM operation: ChangeSingleStep done
Event: 1148.744 Executing VM operation: RedefineClasses
Event: 1148.745 Executing VM operation: RedefineClasses done


Dynamic libraries:
0x00007ff6f12f0000 - 0x00007ff6f1323000 	C:\Program Files\Java\jdk1.7.0_80\bin\javaw.exe
0x00007ffe26fc0000 - 0x00007ffe271a1000 	C:\WINDOWS\SYSTEM32\ntdll.dll
0x00007ffe25370000 - 0x00007ffe25422000 	C:\WINDOWS\System32\KERNEL32.DLL
0x00007ffe240d0000 - 0x00007ffe24343000 	C:\WINDOWS\System32\KERNELBASE.dll
0x00007ffe255c0000 - 0x00007ffe25661000 	C:\WINDOWS\System32\ADVAPI32.dll
0x00007ffe24580000 - 0x00007ffe2461e000 	C:\WINDOWS\System32\msvcrt.dll
0x00007ffe25670000 - 0x00007ffe256cb000 	C:\WINDOWS\System32\sechost.dll
0x00007ffe26cd0000 - 0x00007ffe26df4000 	C:\WINDOWS\System32\RPCRT4.dll
0x00007ffe25430000 - 0x00007ffe255c0000 	C:\WINDOWS\System32\USER32.dll
0x00007ffe234a0000 - 0x00007ffe234c0000 	C:\WINDOWS\System32\win32u.dll
0x00007ffe251c0000 - 0x00007ffe251e8000 	C:\WINDOWS\System32\GDI32.dll
0x00007ffe234c0000 - 0x00007ffe23652000 	C:\WINDOWS\System32\gdi32full.dll
0x00007ffe23e40000 - 0x00007ffe23edf000 	C:\WINDOWS\System32\msvcp_win.dll
0x00007ffe24350000 - 0x00007ffe2444a000 	C:\WINDOWS\System32\ucrtbase.dll
0x00007ffe18d70000 - 0x00007ffe18fd9000 	C:\WINDOWS\WinSxS\amd64_microsoft.windows.common-controls_6595b64144ccf1df_6.0.17134.137_none_fb44974530639b67\COMCTL32.dll
0x00007ffe24af0000 - 0x00007ffe24e13000 	C:\WINDOWS\System32\combase.dll
0x00007ffe23dc0000 - 0x00007ffe23e3a000 	C:\WINDOWS\System32\bcryptPrimitives.dll
0x00007ffe24450000 - 0x00007ffe2447d000 	C:\WINDOWS\System32\IMM32.DLL
0x00000000612d0000 - 0x00000000613a2000 	C:\Program Files\Java\jdk1.7.0_80\jre\bin\msvcr100.dll
0x0000000060af0000 - 0x00000000612c9000 	C:\Program Files\Java\jdk1.7.0_80\jre\bin\server\jvm.dll
0x00007ffe26f80000 - 0x00007ffe26f88000 	C:\WINDOWS\System32\PSAPI.DLL
0x00007ffe1b920000 - 0x00007ffe1b943000 	C:\WINDOWS\SYSTEM32\WINMM.dll
0x00007ffe18a70000 - 0x00007ffe18a79000 	C:\WINDOWS\SYSTEM32\WSOCK32.dll
0x00007ffe25210000 - 0x00007ffe2527c000 	C:\WINDOWS\System32\WS2_32.dll
0x00007ffe19d50000 - 0x00007ffe19d7a000 	C:\WINDOWS\SYSTEM32\winmmbase.dll
0x00007ffe23660000 - 0x00007ffe236a9000 	C:\WINDOWS\System32\cfgmgr32.dll
0x0000000060ae0000 - 0x0000000060aef000 	C:\Program Files\Java\jdk1.7.0_80\jre\bin\verify.dll
0x0000000060ab0000 - 0x0000000060ad8000 	C:\Program Files\Java\jdk1.7.0_80\jre\bin\java.dll
0x0000000060a70000 - 0x0000000060aa5000 	C:\Program Files\Java\jdk1.7.0_80\jre\bin\jdwp.dll
0x0000000060a60000 - 0x0000000060a68000 	C:\Program Files\Java\jdk1.7.0_80\jre\bin\npt.dll
0x0000000060a40000 - 0x0000000060a56000 	C:\Program Files\Java\jdk1.7.0_80\jre\bin\zip.dll
0x0000000060a30000 - 0x0000000060a39000 	C:\Program Files\Java\jdk1.7.0_80\jre\bin\dt_socket.dll
0x00007ffe18a90000 - 0x00007ffe18aa6000 	C:\WINDOWS\system32\napinsp.dll
0x00007ffe15110000 - 0x00007ffe1512a000 	C:\WINDOWS\system32\pnrpnsp.dll
0x00007ffe1db30000 - 0x00007ffe1db49000 	C:\WINDOWS\system32\NLAapi.dll
0x00007ffe22b50000 - 0x00007ffe22bb6000 	C:\WINDOWS\System32\mswsock.dll
0x00007ffe22910000 - 0x00007ffe229ce000 	C:\WINDOWS\SYSTEM32\DNSAPI.dll
0x00007ffe24e20000 - 0x00007ffe24e28000 	C:\WINDOWS\System32\NSI.dll
0x00007ffe228d0000 - 0x00007ffe22908000 	C:\WINDOWS\SYSTEM32\IPHLPAPI.DLL
0x00007ffe1a490000 - 0x00007ffe1a49e000 	C:\WINDOWS\System32\winrnr.dll
0x00007ffe1ddd0000 - 0x00007ffe1dde5000 	C:\WINDOWS\System32\wshbth.dll
0x00007ffe1a0d0000 - 0x00007ffe1a142000 	C:\WINDOWS\System32\fwpuclnt.dll
0x00007ffe22e30000 - 0x00007ffe22e55000 	C:\WINDOWS\SYSTEM32\bcrypt.dll
0x00007ffe19d20000 - 0x00007ffe19d2a000 	C:\Windows\System32\rasadhlp.dll
0x0000000060a10000 - 0x0000000060a2a000 	C:\Program Files\Java\jdk1.7.0_80\jre\bin\net.dll
0x00007ffe22d00000 - 0x00007ffe22d17000 	C:\WINDOWS\SYSTEM32\CRYPTSP.dll
0x00007ffe22730000 - 0x00007ffe22763000 	C:\WINDOWS\system32\rsaenh.dll
0x00007ffe23200000 - 0x00007ffe23228000 	C:\WINDOWS\SYSTEM32\USERENV.dll
0x00007ffe23310000 - 0x00007ffe2332f000 	C:\WINDOWS\System32\profapi.dll
0x00007ffe22d20000 - 0x00007ffe22d2b000 	C:\WINDOWS\SYSTEM32\CRYPTBASE.dll
0x00007ffe1d080000 - 0x00007ffe1d096000 	C:\WINDOWS\SYSTEM32\dhcpcsvc6.DLL
0x00007ffe1d190000 - 0x00007ffe1d1aa000 	C:\WINDOWS\SYSTEM32\dhcpcsvc.DLL
0x00000000609f0000 - 0x0000000060a01000 	C:\Program Files\Java\jdk1.7.0_80\jre\bin\nio.dll
0x00007ffe21d20000 - 0x00007ffe21ee9000 	C:\WINDOWS\SYSTEM32\dbghelp.dll

VM Arguments:
jvm_args: -Dfile.encoding=UTF-8 -agentlib:jdwp=transport=dt_socket,suspend=y,address=localhost:60563 -ea -Dfile.encoding=UTF-8 
java_command: org.eclipse.jdt.internal.junit.runner.RemoteTestRunner -version 3 -port 60562 -testLoaderClass org.eclipse.jdt.internal.junit4.runner.JUnit4TestLoader -loaderpluginname org.eclipse.jdt.junit4.runtime -test net.atf4j.core.Atf4jTest:testDocument
Launcher Type: SUN_STANDARD

Environment Variables:
JAVA_HOME=C:\Program Files\Java\jdk1.8.0_172
JAVA_TOOL_OPTIONS=-Dfile.encoding=UTF-8
PATH=C:\Program Files\Java\jdk1.7.0_80\jre\bin;C:\Program Files (x86)\Intel\iCLS Client\;C:\Program Files (x86)\Common Files\Oracle\Java\javapath;C:\Program Files\Intel\iCLS Client\;C:\Windows\system32;C:\Windows;C:\Windows\System32\Wbem;C:\Windows\System32\WindowsPowerShell\v1.0\;C:\Program Files (x86)\NVIDIA Corporation\PhysX\Common;C:\Program Files (x86)\Intel\Intel(R) Management Engine Components\DAL;C:\Program Files\Intel\Intel(R) Management Engine Components\DAL;C:\Program Files (x86)\Intel\Intel(R) Management Engine Components\IPT;C:\Program Files\Intel\Intel(R) Management Engine Components\IPT;C:\Program Files\Java\jdk1.8.0_172\;C:\Program Files\Apache\apache-maven-3.5.3\bin;C:\Program Files\nodejs\;C:\WINDOWS\system32;C:\WINDOWS;C:\WINDOWS\System32\Wbem;C:\WINDOWS\System32\WindowsPowerShell\v1.0\;C:\WINDOWS\System32\OpenSSH\;C:\Users\Martin Spamer\AppData\Local\Microsoft\WindowsApps;C:\Users\Martin Spamer\AppData\Local\GitHubDesktop\bin;C:\WebDriverBin;C:\WebDriverBin\geckodriver-win64;C:\WebDriverBin\IEDriverServer_x64;C:\Users\Martin Spamer\AppData\Roaming\npm;USERPROFILE\AppData\Local\Microsoft\WindowsApps;
USERNAME=Martin Spamer
OS=Windows_NT
PROCESSOR_IDENTIFIER=Intel64 Family 6 Model 158 Stepping 9, GenuineIntel



---------------  S Y S T E M  ---------------

OS: Windows 8.1 , 64 bit Build 9600 

CPU:total 8 (4 cores per cpu, 2 threads per core) family 6 model 158 stepping 9, cmov, cx8, fxsr, mmx, sse, sse2, sse3, ssse3, sse4.1, sse4.2, popcnt, avx, avx2, aes, erms, ht, tsc, tscinvbit

Memory: 4k page, physical 16625600k(11455604k free), swap 21082048k(13456228k free)

vm_info: Java HotSpot(TM) 64-Bit Server VM (24.80-b11) for windows-amd64 JRE (1.7.0_80-b15), built on Apr 10 2015 11:26:34 by "java_re" with unknown MS VC++:1600

time: Sun Jul 01 10:29:00 2018
elapsed time: 1148 seconds

