2017-06-24 21:11:46,746 WARN  [SoapUI] Missing folder [/home/martin/workspace/github/atf4j/atf4j/./ext] for external libraries
2017-06-24 21:11:46,747 INFO  [DefaultSoapUICore] Creating new settings at [/home/martin/soapui-settings.xml]
2017-06-24 21:11:47,701 WARN  [SoapUIProGroovyScriptEngineFactory] Missing scripts folder [/home/martin/workspace/github/atf4j/atf4j/scripts]
2017-06-24 21:11:49,585 INFO  [SoapUI] File [/home/martin/workspace/github/atf4j/atf4j/soapui-project.xml] does not exist, trying URL instead
2017-06-24 21:11:49,586 ERROR [SoapUI] An error occurred [no protocol: soapui-project.xml], see error log for details
2017-06-24 21:11:49,590 ERROR [errorlog] java.net.MalformedURLException: no protocol: soapui-project.xml
java.net.MalformedURLException: no protocol: soapui-project.xml
	at java.net.URL.<init>(URL.java:593)
	at java.net.URL.<init>(URL.java:490)
	at java.net.URL.<init>(URL.java:439)
	at com.eviware.soapui.impl.wsdl.WsdlProject.<init>(WsdlProject.java:215)
	at com.eviware.soapui.impl.wsdl.WsdlProjectPro.<init>(SourceFile:156)
	at com.eviware.soapui.impl.wsdl.WsdlProjectProFactory.createNew(SourceFile:32)
	at com.eviware.soapui.impl.wsdl.WsdlProjectProFactory.createNew(SourceFile:16)
	at com.eviware.soapui.tools.SoapUITestCaseRunner.runRunner(SoapUITestCaseRunner.java:337)
	at com.eviware.soapui.tools.AbstractSoapUIRunner.run(AbstractSoapUIRunner.java:158)
	at com.eviware.soapui.maven2.TestMojo.execute(TestMojo.java:119)
	at org.apache.maven.plugin.DefaultBuildPluginManager.executeMojo(DefaultBuildPluginManager.java:134)
	at org.apache.maven.lifecycle.internal.MojoExecutor.execute(MojoExecutor.java:207)
	at org.apache.maven.lifecycle.internal.MojoExecutor.execute(MojoExecutor.java:153)
	at org.apache.maven.lifecycle.internal.MojoExecutor.execute(MojoExecutor.java:145)
	at org.apache.maven.lifecycle.internal.LifecycleModuleBuilder.buildProject(LifecycleModuleBuilder.java:116)
	at org.apache.maven.lifecycle.internal.LifecycleModuleBuilder.buildProject(LifecycleModuleBuilder.java:80)
	at org.apache.maven.lifecycle.internal.builder.singlethreaded.SingleThreadedBuilder.build(SingleThreadedBuilder.java:51)
	at org.apache.maven.lifecycle.internal.LifecycleStarter.execute(LifecycleStarter.java:128)
	at org.apache.maven.DefaultMaven.doExecute(DefaultMaven.java:307)
	at org.apache.maven.DefaultMaven.doExecute(DefaultMaven.java:193)
	at org.apache.maven.DefaultMaven.execute(DefaultMaven.java:106)
	at org.apache.maven.cli.MavenCli.execute(MavenCli.java:863)
	at org.apache.maven.cli.MavenCli.doMain(MavenCli.java:288)
	at org.apache.maven.cli.MavenCli.main(MavenCli.java:199)
	at sun.reflect.NativeMethodAccessorImpl.invoke0(Native Method)
	at sun.reflect.NativeMethodAccessorImpl.invoke(NativeMethodAccessorImpl.java:62)
	at sun.reflect.DelegatingMethodAccessorImpl.invoke(DelegatingMethodAccessorImpl.java:43)
	at java.lang.reflect.Method.invoke(Method.java:498)
	at org.codehaus.plexus.classworlds.launcher.Launcher.launchEnhanced(Launcher.java:289)
	at org.codehaus.plexus.classworlds.launcher.Launcher.launch(Launcher.java:229)
	at org.codehaus.plexus.classworlds.launcher.Launcher.mainWithExitCode(Launcher.java:415)
	at org.codehaus.plexus.classworlds.launcher.Launcher.main(Launcher.java:356)
