2016-12-18 20:52:30,103 - Log4JLogChute initialized using file 'velocity.log'
2016-12-18 20:52:30,118 - Initializing Velocity, Calling init()...
2016-12-18 20:52:30,119 - Starting Apache Velocity v1.7 (compiled: 2010-11-19 12:14:37)
2016-12-18 20:52:30,119 - Default Properties File: org/apache/velocity/runtime/defaults/velocity.properties
2016-12-18 20:52:30,119 - Trying to use logger class org.apache.velocity.runtime.log.AvalonLogChute
2016-12-18 20:52:30,119 - Target log system for org.apache.velocity.runtime.log.AvalonLogChute is not available (java.lang.NoClassDefFoundError: org/apache/log/format/Formatter).  Falling back to next log system...
2016-12-18 20:52:30,119 - Trying to use logger class org.apache.velocity.runtime.log.Log4JLogChute
2016-12-18 20:52:30,119 - Using logger class org.apache.velocity.runtime.log.Log4JLogChute
2016-12-18 20:52:30,124 - ResourceLoader instantiated: org.apache.velocity.runtime.resource.loader.ClasspathResourceLoader
2016-12-18 20:52:30,170 - ResourceCache: initialized (class org.apache.velocity.runtime.resource.ResourceCacheImpl) with class java.util.Collections$SynchronizedMap cache map.
2016-12-18 20:52:30,173 - Loaded System Directive: org.apache.velocity.runtime.directive.Stop
2016-12-18 20:52:30,174 - Loaded System Directive: org.apache.velocity.runtime.directive.Define
2016-12-18 20:52:30,175 - Loaded System Directive: org.apache.velocity.runtime.directive.Break
2016-12-18 20:52:30,176 - Loaded System Directive: org.apache.velocity.runtime.directive.Evaluate
2016-12-18 20:52:30,177 - Loaded System Directive: org.apache.velocity.runtime.directive.Literal
2016-12-18 20:52:30,178 - Loaded System Directive: org.apache.velocity.runtime.directive.Macro
2016-12-18 20:52:30,180 - Loaded System Directive: org.apache.velocity.runtime.directive.Parse
2016-12-18 20:52:30,181 - Loaded System Directive: org.apache.velocity.runtime.directive.Include
2016-12-18 20:52:30,182 - Loaded System Directive: org.apache.velocity.runtime.directive.Foreach
2016-12-18 20:52:30,224 - Created '20' parsers.
2016-12-18 20:52:30,235 - Velocimacro : "velocimacro.library" is not set.  Trying default library: VM_global_library.vm
2016-12-18 20:52:30,256 - Could not load resource 'VM_global_library.vm' from ResourceLoader org.apache.velocity.runtime.resource.loader.ClasspathResourceLoader: ClasspathResourceLoader Error: cannot find resource VM_global_library.vm
2016-12-18 20:52:30,256 - Velocimacro : Default library not found.
2016-12-18 20:52:30,256 - Velocimacro : allowInline = true : VMs can be defined inline in templates
2016-12-18 20:52:30,256 - Velocimacro : allowInlineToOverride = false : VMs defined inline may NOT replace previous VM definitions
2016-12-18 20:52:30,256 - Velocimacro : allowInlineLocal = false : VMs defined inline will be global in scope if allowed.
2016-12-18 20:52:30,256 - Velocimacro : autoload off : VM system will not automatically reload global library macros
2016-12-18 20:53:59,966 - Log4JLogChute initialized using file 'velocity.log'
2016-12-18 20:53:59,967 - Initializing Velocity, Calling init()...
2016-12-18 20:53:59,967 - Starting Apache Velocity v1.7 (compiled: 2010-11-19 12:14:37)
2016-12-18 20:53:59,968 - Default Properties File: org/apache/velocity/runtime/defaults/velocity.properties
2016-12-18 20:53:59,968 - Trying to use logger class org.apache.velocity.runtime.log.AvalonLogChute
2016-12-18 20:53:59,968 - Target log system for org.apache.velocity.runtime.log.AvalonLogChute is not available (java.lang.NoClassDefFoundError: org/apache/log/format/Formatter).  Falling back to next log system...
2016-12-18 20:53:59,968 - Trying to use logger class org.apache.velocity.runtime.log.Log4JLogChute
2016-12-18 20:53:59,968 - Using logger class org.apache.velocity.runtime.log.Log4JLogChute
2016-12-18 20:53:59,972 - ResourceLoader instantiated: org.apache.velocity.runtime.resource.loader.ClasspathResourceLoader
2016-12-18 20:53:59,990 - ResourceCache: initialized (class org.apache.velocity.runtime.resource.ResourceCacheImpl) with class java.util.Collections$SynchronizedMap cache map.
2016-12-18 20:53:59,992 - Loaded System Directive: org.apache.velocity.runtime.directive.Stop
2016-12-18 20:53:59,994 - Loaded System Directive: org.apache.velocity.runtime.directive.Define
2016-12-18 20:53:59,995 - Loaded System Directive: org.apache.velocity.runtime.directive.Break
2016-12-18 20:53:59,995 - Loaded System Directive: org.apache.velocity.runtime.directive.Evaluate
2016-12-18 20:53:59,996 - Loaded System Directive: org.apache.velocity.runtime.directive.Literal
2016-12-18 20:53:59,997 - Loaded System Directive: org.apache.velocity.runtime.directive.Macro
2016-12-18 20:53:59,999 - Loaded System Directive: org.apache.velocity.runtime.directive.Parse
2016-12-18 20:54:00,001 - Loaded System Directive: org.apache.velocity.runtime.directive.Include
2016-12-18 20:54:00,002 - Loaded System Directive: org.apache.velocity.runtime.directive.Foreach
2016-12-18 20:54:00,059 - Created '20' parsers.
2016-12-18 20:54:00,068 - Velocimacro : "velocimacro.library" is not set.  Trying default library: VM_global_library.vm
2016-12-18 20:54:00,070 - Could not load resource 'VM_global_library.vm' from ResourceLoader org.apache.velocity.runtime.resource.loader.ClasspathResourceLoader: ClasspathResourceLoader Error: cannot find resource VM_global_library.vm
2016-12-18 20:54:00,070 - Velocimacro : Default library not found.
2016-12-18 20:54:00,070 - Velocimacro : allowInline = true : VMs can be defined inline in templates
2016-12-18 20:54:00,070 - Velocimacro : allowInlineToOverride = false : VMs defined inline may NOT replace previous VM definitions
2016-12-18 20:54:00,070 - Velocimacro : allowInlineLocal = false : VMs defined inline will be global in scope if allowed.
2016-12-18 20:54:00,070 - Velocimacro : autoload off : VM system will not automatically reload global library macros
2016-12-18 21:10:12,190 - Log4JLogChute initialized using file 'velocity.log'
2016-12-18 21:10:12,191 - Initializing Velocity, Calling init()...
2016-12-18 21:10:12,191 - Starting Apache Velocity v1.7 (compiled: 2010-11-19 12:14:37)
2016-12-18 21:10:12,191 - Default Properties File: org/apache/velocity/runtime/defaults/velocity.properties
2016-12-18 21:10:12,191 - Trying to use logger class org.apache.velocity.runtime.log.AvalonLogChute
2016-12-18 21:10:12,191 - Target log system for org.apache.velocity.runtime.log.AvalonLogChute is not available (java.lang.NoClassDefFoundError: org/apache/log/format/Formatter).  Falling back to next log system...
2016-12-18 21:10:12,191 - Trying to use logger class org.apache.velocity.runtime.log.Log4JLogChute
2016-12-18 21:10:12,191 - Using logger class org.apache.velocity.runtime.log.Log4JLogChute
2016-12-18 21:10:12,196 - ResourceLoader instantiated: org.apache.velocity.runtime.resource.loader.ClasspathResourceLoader
2016-12-18 21:10:12,216 - ResourceCache: initialized (class org.apache.velocity.runtime.resource.ResourceCacheImpl) with class java.util.Collections$SynchronizedMap cache map.
2016-12-18 21:10:12,219 - Loaded System Directive: org.apache.velocity.runtime.directive.Stop
2016-12-18 21:10:12,221 - Loaded System Directive: org.apache.velocity.runtime.directive.Define
2016-12-18 21:10:12,222 - Loaded System Directive: org.apache.velocity.runtime.directive.Break
2016-12-18 21:10:12,223 - Loaded System Directive: org.apache.velocity.runtime.directive.Evaluate
2016-12-18 21:10:12,224 - Loaded System Directive: org.apache.velocity.runtime.directive.Literal
2016-12-18 21:10:12,226 - Loaded System Directive: org.apache.velocity.runtime.directive.Macro
2016-12-18 21:10:12,228 - Loaded System Directive: org.apache.velocity.runtime.directive.Parse
2016-12-18 21:10:12,230 - Loaded System Directive: org.apache.velocity.runtime.directive.Include
2016-12-18 21:10:12,232 - Loaded System Directive: org.apache.velocity.runtime.directive.Foreach
2016-12-18 21:10:12,280 - Created '20' parsers.
2016-12-18 21:10:12,290 - Velocimacro : "velocimacro.library" is not set.  Trying default library: VM_global_library.vm
2016-12-18 21:10:12,291 - Could not load resource 'VM_global_library.vm' from ResourceLoader org.apache.velocity.runtime.resource.loader.ClasspathResourceLoader: ClasspathResourceLoader Error: cannot find resource VM_global_library.vm
2016-12-18 21:10:12,291 - Velocimacro : Default library not found.
2016-12-18 21:10:12,291 - Velocimacro : allowInline = true : VMs can be defined inline in templates
2016-12-18 21:10:12,291 - Velocimacro : allowInlineToOverride = false : VMs defined inline may NOT replace previous VM definitions
2016-12-18 21:10:12,291 - Velocimacro : allowInlineLocal = false : VMs defined inline will be global in scope if allowed.
2016-12-18 21:10:12,291 - Velocimacro : autoload off : VM system will not automatically reload global library macros
2016-12-18 21:11:21,028 - Log4JLogChute initialized using file 'velocity.log'
2016-12-18 21:11:21,029 - Initializing Velocity, Calling init()...
2016-12-18 21:11:21,029 - Starting Apache Velocity v1.7 (compiled: 2010-11-19 12:14:37)
2016-12-18 21:11:21,029 - Default Properties File: org/apache/velocity/runtime/defaults/velocity.properties
2016-12-18 21:11:21,030 - Trying to use logger class org.apache.velocity.runtime.log.AvalonLogChute
2016-12-18 21:11:21,030 - Target log system for org.apache.velocity.runtime.log.AvalonLogChute is not available (java.lang.NoClassDefFoundError: org/apache/log/format/Formatter).  Falling back to next log system...
2016-12-18 21:11:21,030 - Trying to use logger class org.apache.velocity.runtime.log.Log4JLogChute
2016-12-18 21:11:21,030 - Using logger class org.apache.velocity.runtime.log.Log4JLogChute
2016-12-18 21:11:21,035 - ResourceLoader instantiated: org.apache.velocity.runtime.resource.loader.ClasspathResourceLoader
2016-12-18 21:11:21,055 - ResourceCache: initialized (class org.apache.velocity.runtime.resource.ResourceCacheImpl) with class java.util.Collections$SynchronizedMap cache map.
2016-12-18 21:11:21,061 - Loaded System Directive: org.apache.velocity.runtime.directive.Stop
2016-12-18 21:11:21,063 - Loaded System Directive: org.apache.velocity.runtime.directive.Define
2016-12-18 21:11:21,064 - Loaded System Directive: org.apache.velocity.runtime.directive.Break
2016-12-18 21:11:21,065 - Loaded System Directive: org.apache.velocity.runtime.directive.Evaluate
2016-12-18 21:11:21,066 - Loaded System Directive: org.apache.velocity.runtime.directive.Literal
2016-12-18 21:11:21,068 - Loaded System Directive: org.apache.velocity.runtime.directive.Macro
2016-12-18 21:11:21,070 - Loaded System Directive: org.apache.velocity.runtime.directive.Parse
2016-12-18 21:11:21,072 - Loaded System Directive: org.apache.velocity.runtime.directive.Include
2016-12-18 21:11:21,074 - Loaded System Directive: org.apache.velocity.runtime.directive.Foreach
2016-12-18 21:11:21,137 - Created '20' parsers.
2016-12-18 21:11:21,144 - Velocimacro : "velocimacro.library" is not set.  Trying default library: VM_global_library.vm
2016-12-18 21:11:21,145 - Could not load resource 'VM_global_library.vm' from ResourceLoader org.apache.velocity.runtime.resource.loader.ClasspathResourceLoader: ClasspathResourceLoader Error: cannot find resource VM_global_library.vm
2016-12-18 21:11:21,145 - Velocimacro : Default library not found.
2016-12-18 21:11:21,145 - Velocimacro : allowInline = true : VMs can be defined inline in templates
2016-12-18 21:11:21,145 - Velocimacro : allowInlineToOverride = false : VMs defined inline may NOT replace previous VM definitions
2016-12-18 21:11:21,146 - Velocimacro : allowInlineLocal = false : VMs defined inline will be global in scope if allowed.
2016-12-18 21:11:21,146 - Velocimacro : autoload off : VM system will not automatically reload global library macros
2016-12-18 21:29:20,393 - Log4JLogChute initialized using file 'velocity.log'
2016-12-18 21:29:20,405 - Initializing Velocity, Calling init()...
2016-12-18 21:29:20,406 - Starting Apache Velocity v1.7 (compiled: 2010-11-19 12:14:37)
2016-12-18 21:29:20,406 - Default Properties File: org/apache/velocity/runtime/defaults/velocity.properties
2016-12-18 21:29:20,406 - Trying to use logger class org.apache.velocity.runtime.log.AvalonLogChute
2016-12-18 21:29:20,406 - Target log system for org.apache.velocity.runtime.log.AvalonLogChute is not available (java.lang.NoClassDefFoundError: org/apache/log/format/Formatter).  Falling back to next log system...
2016-12-18 21:29:20,406 - Trying to use logger class org.apache.velocity.runtime.log.Log4JLogChute
2016-12-18 21:29:20,406 - Using logger class org.apache.velocity.runtime.log.Log4JLogChute
2016-12-18 21:29:20,413 - ResourceLoader instantiated: org.apache.velocity.runtime.resource.loader.ClasspathResourceLoader
2016-12-18 21:29:20,434 - ResourceCache: initialized (class org.apache.velocity.runtime.resource.ResourceCacheImpl) with class java.util.Collections$SynchronizedMap cache map.
2016-12-18 21:29:20,439 - Loaded System Directive: org.apache.velocity.runtime.directive.Stop
2016-12-18 21:29:20,441 - Loaded System Directive: org.apache.velocity.runtime.directive.Define
2016-12-18 21:29:20,442 - Loaded System Directive: org.apache.velocity.runtime.directive.Break
2016-12-18 21:29:20,443 - Loaded System Directive: org.apache.velocity.runtime.directive.Evaluate
2016-12-18 21:29:20,444 - Loaded System Directive: org.apache.velocity.runtime.directive.Literal
2016-12-18 21:29:20,446 - Loaded System Directive: org.apache.velocity.runtime.directive.Macro
2016-12-18 21:29:20,448 - Loaded System Directive: org.apache.velocity.runtime.directive.Parse
2016-12-18 21:29:20,450 - Loaded System Directive: org.apache.velocity.runtime.directive.Include
2016-12-18 21:29:20,452 - Loaded System Directive: org.apache.velocity.runtime.directive.Foreach
2016-12-18 21:29:20,518 - Created '20' parsers.
2016-12-18 21:29:20,525 - Velocimacro : "velocimacro.library" is not set.  Trying default library: VM_global_library.vm
2016-12-18 21:29:20,527 - Could not load resource 'VM_global_library.vm' from ResourceLoader org.apache.velocity.runtime.resource.loader.ClasspathResourceLoader: ClasspathResourceLoader Error: cannot find resource VM_global_library.vm
2016-12-18 21:29:20,527 - Velocimacro : Default library not found.
2016-12-18 21:29:20,527 - Velocimacro : allowInline = true : VMs can be defined inline in templates
2016-12-18 21:29:20,527 - Velocimacro : allowInlineToOverride = false : VMs defined inline may NOT replace previous VM definitions
2016-12-18 21:29:20,527 - Velocimacro : allowInlineLocal = false : VMs defined inline will be global in scope if allowed.
2016-12-18 21:29:20,527 - Velocimacro : autoload off : VM system will not automatically reload global library macros
2016-12-18 21:51:36,401 - Log4JLogChute initialized using file 'velocity.log'
2016-12-18 21:51:36,424 - Initializing Velocity, Calling init()...
2016-12-18 21:51:36,424 - Starting Apache Velocity v1.7 (compiled: 2010-11-19 12:14:37)
2016-12-18 21:51:36,424 - Default Properties File: org/apache/velocity/runtime/defaults/velocity.properties
2016-12-18 21:51:36,424 - Trying to use logger class org.apache.velocity.runtime.log.AvalonLogChute
2016-12-18 21:51:36,424 - Target log system for org.apache.velocity.runtime.log.AvalonLogChute is not available (java.lang.NoClassDefFoundError: org/apache/log/format/Formatter).  Falling back to next log system...
2016-12-18 21:51:36,424 - Trying to use logger class org.apache.velocity.runtime.log.Log4JLogChute
2016-12-18 21:51:36,424 - Using logger class org.apache.velocity.runtime.log.Log4JLogChute
2016-12-18 21:51:36,434 - ResourceLoader instantiated: org.apache.velocity.runtime.resource.loader.ClasspathResourceLoader
2016-12-18 21:51:36,451 - ResourceCache: initialized (class org.apache.velocity.runtime.resource.ResourceCacheImpl) with class java.util.Collections$SynchronizedMap cache map.
2016-12-18 21:51:36,453 - Loaded System Directive: org.apache.velocity.runtime.directive.Stop
2016-12-18 21:51:36,455 - Loaded System Directive: org.apache.velocity.runtime.directive.Define
2016-12-18 21:51:36,456 - Loaded System Directive: org.apache.velocity.runtime.directive.Break
2016-12-18 21:51:36,457 - Loaded System Directive: org.apache.velocity.runtime.directive.Evaluate
2016-12-18 21:51:36,458 - Loaded System Directive: org.apache.velocity.runtime.directive.Literal
2016-12-18 21:51:36,459 - Loaded System Directive: org.apache.velocity.runtime.directive.Macro
2016-12-18 21:51:36,460 - Loaded System Directive: org.apache.velocity.runtime.directive.Parse
2016-12-18 21:51:36,461 - Loaded System Directive: org.apache.velocity.runtime.directive.Include
2016-12-18 21:51:36,463 - Loaded System Directive: org.apache.velocity.runtime.directive.Foreach
2016-12-18 21:51:36,519 - Created '20' parsers.
2016-12-18 21:51:36,528 - Velocimacro : "velocimacro.library" is not set.  Trying default library: VM_global_library.vm
2016-12-18 21:51:36,530 - Could not load resource 'VM_global_library.vm' from ResourceLoader org.apache.velocity.runtime.resource.loader.ClasspathResourceLoader: ClasspathResourceLoader Error: cannot find resource VM_global_library.vm
2016-12-18 21:51:36,530 - Velocimacro : Default library not found.
2016-12-18 21:51:36,530 - Velocimacro : allowInline = true : VMs can be defined inline in templates
2016-12-18 21:51:36,530 - Velocimacro : allowInlineToOverride = false : VMs defined inline may NOT replace previous VM definitions
2016-12-18 21:51:36,530 - Velocimacro : allowInlineLocal = false : VMs defined inline will be global in scope if allowed.
2016-12-18 21:51:36,530 - Velocimacro : autoload off : VM system will not automatically reload global library macros
